e:\destop\herotool\herotool\x64\debug\listviewmodel.obj
e:\destop\herotool\herotool\x64\debug\topbar.obj
e:\destop\herotool\herotool\x64\debug\notecodeeditor.obj
e:\destop\herotool\herotool\x64\debug\bigdatatoolwidget.obj
e:\destop\herotool\herotool\x64\debug\main.obj
e:\destop\herotool\herotool\x64\debug\notedownwindow.obj
e:\destop\herotool\herotool\x64\debug\drawsence.obj
e:\destop\herotool\herotool\x64\debug\drawview.obj
e:\destop\herotool\herotool\x64\debug\notepad.obj
e:\destop\herotool\herotool\x64\debug\notetoolwidget.obj
e:\destop\herotool\herotool\x64\debug\drawtoolwidget.obj
e:\destop\herotool\herotool\x64\debug\planedraw.obj
e:\destop\herotool\herotool\x64\debug\tabtoolstackwidget.obj
e:\destop\herotool\herotool\x64\debug\plantoolwidget.obj
e:\destop\herotool\herotool\x64\debug\treeviewmodel.obj
e:\destop\herotool\herotool\x64\debug\textitem.obj
e:\destop\herotool\herotool\x64\debug\herotool.obj
e:\destop\herotool\herotool\x64\debug\mediahome.obj
e:\destop\herotool\herotool\x64\debug\bigdata.obj
e:\destop\herotool\herotool\x64\debug\mediatoolwidget.obj
e:\destop\herotool\herotool\x64\debug\filemanage.obj
e:\destop\herotool\herotool\x64\debug\treeitem.obj
e:\destop\herotool\herotool\x64\debug\basedelegate.obj
e:\destop\herotool\herotool\x64\debug\plan.obj
e:\destop\herotool\herotool\x64\debug\noteediter.obj
e:\destop\herotool\herotool\x64\debug\vc142.pdb
e:\destop\herotool\herotool\x64\debug\qrc_herotool.obj
e:\destop\herotool\herotool\x64\debug\moc_tabtoolstackwidget.obj
e:\destop\herotool\herotool\x64\debug\moc_bigdata.obj
e:\destop\herotool\herotool\x64\debug\moc_treeviewmodel.obj
e:\destop\herotool\herotool\x64\debug\moc_basedelegate.obj
e:\destop\herotool\herotool\x64\debug\moc_drawsence.obj
e:\destop\herotool\herotool\x64\debug\moc_notepad.obj
e:\destop\herotool\herotool\x64\debug\moc_mediatoolwidget.obj
e:\destop\herotool\herotool\x64\debug\moc_drawview.obj
e:\destop\herotool\herotool\x64\debug\moc_plan.obj
e:\destop\herotool\herotool\x64\debug\moc_drawtoolwidget.obj
e:\destop\herotool\herotool\x64\debug\moc_planedraw.obj
e:\destop\herotool\herotool\x64\debug\moc_notecodeeditor.obj
e:\destop\herotool\herotool\x64\debug\moc_textitem.obj
e:\destop\herotool\herotool\x64\debug\moc_notedownwindow.obj
e:\destop\herotool\herotool\x64\debug\moc_mediahome.obj
e:\destop\herotool\herotool\x64\debug\moc_bigdatatoolwidget.obj
e:\destop\herotool\herotool\x64\debug\moc_notetoolwidget.obj
e:\destop\herotool\herotool\x64\debug\moc_plantoolwidget.obj
e:\destop\herotool\herotool\x64\debug\moc_noteediter.obj
e:\destop\herotool\herotool\x64\debug\moc_topbar.obj
e:\destop\herotool\herotool\x64\debug\moc_listviewmodel.obj
e:\destop\herotool\herotool\x64\debug\moc_herotool.obj
c:\users\sodia\desktop\herotool\herotool\x64\debug\uic\ui_bigdata.h
c:\users\sodia\desktop\herotool\herotool\x64\debug\uic\ui_bigdatatoolwidget.h
c:\users\sodia\desktop\herotool\herotool\x64\debug\uic\ui_drawtoolwidget.h
c:\users\sodia\desktop\herotool\herotool\x64\debug\uic\ui_drawview.h
c:\users\sodia\desktop\herotool\herotool\x64\debug\uic\ui_herotool.h
c:\users\sodia\desktop\herotool\herotool\x64\debug\uic\ui_mediahome.h
c:\users\sodia\desktop\herotool\herotool\x64\debug\uic\ui_mediatoolwidget.h
c:\users\sodia\desktop\herotool\herotool\x64\debug\uic\ui_notedownwindow.h
c:\users\sodia\desktop\herotool\herotool\x64\debug\uic\ui_notepad.h
c:\users\sodia\desktop\herotool\herotool\x64\debug\uic\ui_notetoolwidget.h
c:\users\sodia\desktop\herotool\herotool\x64\debug\uic\ui_plan.h
c:\users\sodia\desktop\herotool\herotool\x64\debug\uic\ui_plantoolwidget.h
c:\users\sodia\desktop\herotool\herotool\x64\debug\uic\ui_tabtoolstackwidget.h
c:\users\sodia\desktop\herotool\herotool\x64\debug\uic\ui_topbar.h
c:\users\sodia\desktop\herotool\herotool\x64\debug\rcc\qrc_herotool.cpp
c:\users\sodia\desktop\herotool\herotool\x64\debug\moc\moc_herotool.cpp
c:\users\sodia\desktop\herotool\herotool\x64\debug\moc\moc_topbar.cpp
c:\users\sodia\desktop\herotool\herotool\x64\debug\moc\moc_planedraw.cpp
c:\users\sodia\desktop\herotool\herotool\x64\debug\moc\moc_notedownwindow.cpp
c:\users\sodia\desktop\herotool\herotool\x64\debug\moc\moc_treeviewmodel.cpp
c:\users\sodia\desktop\herotool\herotool\x64\debug\moc\moc_tabtoolstackwidget.cpp
c:\users\sodia\desktop\herotool\herotool\x64\debug\moc\moc_textitem.cpp
c:\users\sodia\desktop\herotool\herotool\x64\debug\moc\moc_drawsence.cpp
c:\users\sodia\desktop\herotool\herotool\x64\debug\moc\moc_notepad.cpp
c:\users\sodia\desktop\herotool\herotool\x64\debug\moc\moc_plan.cpp
c:\users\sodia\desktop\herotool\herotool\x64\debug\moc\moc_bigdata.cpp
c:\users\sodia\desktop\herotool\herotool\x64\debug\moc\moc_mediahome.cpp
c:\users\sodia\desktop\herotool\herotool\x64\debug\moc\moc_mediatoolwidget.cpp
c:\users\sodia\desktop\herotool\herotool\x64\debug\moc\moc_drawtoolwidget.cpp
c:\users\sodia\desktop\herotool\herotool\x64\debug\moc\moc_notetoolwidget.cpp
c:\users\sodia\desktop\herotool\herotool\x64\debug\moc\moc_drawview.cpp
c:\users\sodia\desktop\herotool\herotool\x64\debug\moc\moc_notecodeeditor.cpp
c:\users\sodia\desktop\herotool\herotool\x64\debug\moc\moc_noteediter.cpp
c:\users\sodia\desktop\herotool\herotool\x64\debug\moc\moc_bigdatatoolwidget.cpp
c:\users\sodia\desktop\herotool\herotool\x64\debug\moc\moc_plantoolwidget.cpp
c:\users\sodia\desktop\herotool\herotool\x64\debug\moc\moc_listviewmodel.cpp
c:\users\sodia\desktop\herotool\herotool\x64\debug\moc\moc_basedelegate.cpp
e:\destop\herotool\herotool\x64\debug\uic\ui_bigdata.h
e:\destop\herotool\herotool\x64\debug\uic\ui_bigdatatoolwidget.h
e:\destop\herotool\herotool\x64\debug\uic\ui_drawtoolwidget.h
e:\destop\herotool\herotool\x64\debug\uic\ui_drawview.h
e:\destop\herotool\herotool\x64\debug\uic\ui_herotool.h
e:\destop\herotool\herotool\x64\debug\uic\ui_mediahome.h
e:\destop\herotool\herotool\x64\debug\uic\ui_mediatoolwidget.h
e:\destop\herotool\herotool\x64\debug\uic\ui_notedownwindow.h
e:\destop\herotool\herotool\x64\debug\uic\ui_notepad.h
e:\destop\herotool\herotool\x64\debug\uic\ui_notetoolwidget.h
e:\destop\herotool\herotool\x64\debug\uic\ui_plan.h
e:\destop\herotool\herotool\x64\debug\uic\ui_plantoolwidget.h
e:\destop\herotool\herotool\x64\debug\uic\ui_tabtoolstackwidget.h
e:\destop\herotool\herotool\x64\debug\uic\ui_topbar.h
e:\destop\herotool\herotool\x64\debug\rcc\qrc_herotool.cpp
e:\destop\herotool\herotool\x64\debug\moc\moc_herotool.cpp
e:\destop\herotool\herotool\x64\debug\moc\moc_topbar.cpp
e:\destop\herotool\herotool\x64\debug\moc\moc_planedraw.cpp
e:\destop\herotool\herotool\x64\debug\moc\moc_notedownwindow.cpp
e:\destop\herotool\herotool\x64\debug\moc\moc_treeviewmodel.cpp
e:\destop\herotool\herotool\x64\debug\moc\moc_tabtoolstackwidget.cpp
e:\destop\herotool\herotool\x64\debug\moc\moc_textitem.cpp
e:\destop\herotool\herotool\x64\debug\moc\moc_drawsence.cpp
e:\destop\herotool\herotool\x64\debug\moc\moc_notepad.cpp
e:\destop\herotool\herotool\x64\debug\moc\moc_plan.cpp
e:\destop\herotool\herotool\x64\debug\moc\moc_bigdata.cpp
e:\destop\herotool\herotool\x64\debug\moc\moc_mediahome.cpp
e:\destop\herotool\herotool\x64\debug\moc\moc_mediatoolwidget.cpp
e:\destop\herotool\herotool\x64\debug\moc\moc_drawtoolwidget.cpp
e:\destop\herotool\herotool\x64\debug\moc\moc_notetoolwidget.cpp
e:\destop\herotool\herotool\x64\debug\moc\moc_drawview.cpp
e:\destop\herotool\herotool\x64\debug\moc\moc_notecodeeditor.cpp
e:\destop\herotool\herotool\x64\debug\moc\moc_noteediter.cpp
e:\destop\herotool\herotool\x64\debug\moc\moc_bigdatatoolwidget.cpp
e:\destop\herotool\herotool\x64\debug\moc\moc_plantoolwidget.cpp
e:\destop\herotool\herotool\x64\debug\moc\moc_listviewmodel.cpp
e:\destop\herotool\herotool\x64\debug\moc\moc_basedelegate.cpp
e:\destop\herotool\x64\debug\herotool.exe
e:\destop\herotool\x64\debug\herotool.ilk
e:\destop\herotool\x64\debug\herotool.pdb
e:\destop\herotool\herotool\x64\debug\herotool.res
e:\destop\herotool\herotool\x64\debug\herotool.tlog\cl.command.1.tlog
e:\destop\herotool\herotool\x64\debug\herotool.tlog\cl.read.1.tlog
e:\destop\herotool\herotool\x64\debug\herotool.tlog\cl.write.1.tlog
e:\destop\herotool\herotool\x64\debug\herotool.tlog\herotool.write.1u.tlog
e:\destop\herotool\herotool\x64\debug\herotool.tlog\link.command.1.tlog
e:\destop\herotool\herotool\x64\debug\herotool.tlog\link.read.1.tlog
e:\destop\herotool\herotool\x64\debug\herotool.tlog\link.write.1.tlog
e:\destop\herotool\herotool\x64\debug\herotool.tlog\moc.read.1u.tlog
e:\destop\herotool\herotool\x64\debug\herotool.tlog\moc.write.1u.tlog
e:\destop\herotool\herotool\x64\debug\herotool.tlog\rc.command.1.tlog
e:\destop\herotool\herotool\x64\debug\herotool.tlog\rc.read.1.tlog
e:\destop\herotool\herotool\x64\debug\herotool.tlog\rc.write.1.tlog
e:\destop\herotool\herotool\x64\debug\herotool.tlog\rcc.read.1u.tlog
e:\destop\herotool\herotool\x64\debug\herotool.tlog\rcc.write.1u.tlog
e:\destop\herotool\herotool\x64\debug\herotool.tlog\uic.read.1u.tlog
e:\destop\herotool\herotool\x64\debug\herotool.tlog\uic.write.1u.tlog
