c:\users\sodia\desktop\herotool\herotool\x64\release\drawsence.obj
c:\users\sodia\desktop\herotool\herotool\x64\release\basedelegate.obj
c:\users\sodia\desktop\herotool\herotool\x64\release\bigdatatoolwidget.obj
c:\users\sodia\desktop\herotool\herotool\x64\release\treeviewmodel.obj
c:\users\sodia\desktop\herotool\herotool\x64\release\drawtoolwidget.obj
c:\users\sodia\desktop\herotool\herotool\x64\release\drawview.obj
c:\users\sodia\desktop\herotool\herotool\x64\release\filemanage.obj
c:\users\sodia\desktop\herotool\herotool\x64\release\mediatoolwidget.obj
c:\users\sodia\desktop\herotool\herotool\x64\release\tabtoolstackwidget.obj
c:\users\sodia\desktop\herotool\herotool\x64\release\noteediter.obj
c:\users\sodia\desktop\herotool\herotool\x64\release\topbar.obj
c:\users\sodia\desktop\herotool\herotool\x64\release\notedownwindow.obj
c:\users\sodia\desktop\herotool\herotool\x64\release\notecodeeditor.obj
c:\users\sodia\desktop\herotool\herotool\x64\release\notepad.obj
c:\users\sodia\desktop\herotool\herotool\x64\release\textitem.obj
c:\users\sodia\desktop\herotool\herotool\x64\release\plantoolwidget.obj
c:\users\sodia\desktop\herotool\herotool\x64\release\notetoolwidget.obj
c:\users\sodia\desktop\herotool\herotool\x64\release\listviewmodel.obj
c:\users\sodia\desktop\herotool\herotool\x64\release\treeitem.obj
c:\users\sodia\desktop\herotool\herotool\x64\release\uic\ui_bigdata.h
c:\users\sodia\desktop\herotool\herotool\x64\release\uic\ui_bigdatatoolwidget.h
c:\users\sodia\desktop\herotool\herotool\x64\release\uic\ui_drawtoolwidget.h
c:\users\sodia\desktop\herotool\herotool\x64\release\uic\ui_drawview.h
c:\users\sodia\desktop\herotool\herotool\x64\release\uic\ui_herotool.h
c:\users\sodia\desktop\herotool\herotool\x64\release\uic\ui_mediahome.h
c:\users\sodia\desktop\herotool\herotool\x64\release\uic\ui_mediatoolwidget.h
c:\users\sodia\desktop\herotool\herotool\x64\release\uic\ui_notedownwindow.h
c:\users\sodia\desktop\herotool\herotool\x64\release\uic\ui_notepad.h
c:\users\sodia\desktop\herotool\herotool\x64\release\uic\ui_notetoolwidget.h
c:\users\sodia\desktop\herotool\herotool\x64\release\uic\ui_plan.h
c:\users\sodia\desktop\herotool\herotool\x64\release\uic\ui_plantoolwidget.h
c:\users\sodia\desktop\herotool\herotool\x64\release\uic\ui_tabtoolstackwidget.h
c:\users\sodia\desktop\herotool\herotool\x64\release\uic\ui_topbar.h
c:\users\sodia\desktop\herotool\herotool\x64\release\rcc\qrc_herotool.cpp
c:\users\sodia\desktop\herotool\herotool\x64\release\moc\moc_herotool.cpp
c:\users\sodia\desktop\herotool\herotool\x64\release\moc\moc_topbar.cpp
c:\users\sodia\desktop\herotool\herotool\x64\release\moc\moc_planedraw.cpp
c:\users\sodia\desktop\herotool\herotool\x64\release\moc\moc_notedownwindow.cpp
c:\users\sodia\desktop\herotool\herotool\x64\release\moc\moc_treeviewmodel.cpp
c:\users\sodia\desktop\herotool\herotool\x64\release\moc\moc_tabtoolstackwidget.cpp
c:\users\sodia\desktop\herotool\herotool\x64\release\moc\moc_textitem.cpp
c:\users\sodia\desktop\herotool\herotool\x64\release\moc\moc_drawsence.cpp
c:\users\sodia\desktop\herotool\herotool\x64\release\moc\moc_notepad.cpp
c:\users\sodia\desktop\herotool\herotool\x64\release\moc\moc_plan.cpp
c:\users\sodia\desktop\herotool\herotool\x64\release\moc\moc_bigdata.cpp
c:\users\sodia\desktop\herotool\herotool\x64\release\moc\moc_mediahome.cpp
c:\users\sodia\desktop\herotool\herotool\x64\release\moc\moc_mediatoolwidget.cpp
c:\users\sodia\desktop\herotool\herotool\x64\release\moc\moc_drawtoolwidget.cpp
c:\users\sodia\desktop\herotool\herotool\x64\release\moc\moc_notetoolwidget.cpp
c:\users\sodia\desktop\herotool\herotool\x64\release\moc\moc_drawview.cpp
c:\users\sodia\desktop\herotool\herotool\x64\release\moc\moc_notecodeeditor.cpp
c:\users\sodia\desktop\herotool\herotool\x64\release\moc\moc_noteediter.cpp
c:\users\sodia\desktop\herotool\herotool\x64\release\moc\moc_bigdatatoolwidget.cpp
c:\users\sodia\desktop\herotool\herotool\x64\release\moc\moc_plantoolwidget.cpp
c:\users\sodia\desktop\herotool\herotool\x64\release\moc\moc_listviewmodel.cpp
c:\users\sodia\desktop\herotool\herotool\x64\release\moc\moc_basedelegate.cpp
c:\users\sodia\desktop\herotool\herotool\x64\release\herotool.tlog\cl.20944.write.1.tlog
c:\users\sodia\desktop\herotool\herotool\x64\release\herotool.tlog\cl.command.1.tlog
c:\users\sodia\desktop\herotool\herotool\x64\release\herotool.tlog\cl.read.1.tlog
c:\users\sodia\desktop\herotool\herotool\x64\release\herotool.tlog\herotool.write.1u.tlog
c:\users\sodia\desktop\herotool\herotool\x64\release\herotool.tlog\moc.read.1u.tlog
c:\users\sodia\desktop\herotool\herotool\x64\release\herotool.tlog\moc.write.1u.tlog
c:\users\sodia\desktop\herotool\herotool\x64\release\herotool.tlog\rcc.read.1u.tlog
c:\users\sodia\desktop\herotool\herotool\x64\release\herotool.tlog\rcc.write.1u.tlog
c:\users\sodia\desktop\herotool\herotool\x64\release\herotool.tlog\uic.read.1u.tlog
c:\users\sodia\desktop\herotool\herotool\x64\release\herotool.tlog\uic.write.1u.tlog
